This file contains any messages produced by compilers while
running configure, to aid debugging if configure makes a mistake.

It was created by gstrpicamsrc configure 1.0.0, which was
generated by GNU Autoconf 2.69.  Invocation command line was

  $ ./configure 

## --------- ##
## Platform. ##
## --------- ##

hostname = raspberrypi
uname -m = armv7l
uname -r = 4.9.41-v7+
uname -s = Linux
uname -v = #1023 SMP Tue Aug 8 16:00:15 BST 2017

/usr/bin/uname -p = unknown
/bin/uname -X     = unknown

/bin/arch              = unknown
/usr/bin/arch -k       = unknown
/usr/convex/getsysinfo = unknown
/usr/bin/hostinfo      = unknown
/bin/machine           = unknown
/usr/bin/oslevel       = unknown
/bin/universe          = unknown

PATH: /usr/local/sbin
PATH: /usr/local/bin
PATH: /usr/sbin
PATH: /usr/bin
PATH: /sbin
PATH: /bin
PATH: /usr/local/games
PATH: /usr/games


## ----------- ##
## Core tests. ##
## ----------- ##

configure:2306: checking for a BSD-compatible install
configure:2374: result: /usr/bin/install -c
configure:2385: checking whether build environment is sane
configure:2440: result: yes
configure:2591: checking for a thread-safe mkdir -p
configure:2630: result: /bin/mkdir -p
configure:2637: checking for gawk
configure:2667: result: no
configure:2637: checking for mawk
configure:2653: found /usr/bin/mawk
configure:2664: result: mawk
configure:2675: checking whether make sets $(MAKE)
configure:2697: result: yes
configure:2726: checking whether make supports nested variables
configure:2743: result: yes
configure:2832: checking whether UID '1000' is supported by ustar format
configure:2835: result: yes
configure:2842: checking whether GID '1000' is supported by ustar format
configure:2845: result: yes
configure:2853: checking how to create a ustar tar archive
configure:2864: tar --version
tar (GNU tar) 1.29
Copyright (C) 2015 Free Software Foundation, Inc.
License GPLv3+: GNU GPL version 3 or later <http://gnu.org/licenses/gpl.html>.
This is free software: you are free to change and redistribute it.
There is NO WARRANTY, to the extent permitted by law.

Written by John Gilmore and Jay Fenlason.
configure:2867: $? = 0
configure:2907: tardir=conftest.dir && eval tar --format=ustar -chf - "$tardir" >conftest.tar
configure:2910: $? = 0
configure:2914: tar -xf - <conftest.tar
configure:2917: $? = 0
configure:2919: cat conftest.dir/file
GrepMe
configure:2922: $? = 0
configure:2935: result: gnutar
configure:2987: checking whether to enable maintainer-specific portions of Makefiles
configure:2996: result: yes
configure:3021: checking whether make supports nested variables
configure:3038: result: yes
configure:3098: checking for gcc
configure:3114: found /usr/bin/gcc
configure:3125: result: gcc
configure:3354: checking for C compiler version
configure:3363: gcc --version >&5
gcc (Raspbian 6.3.0-18+rpi1) 6.3.0 20170516
Copyright (C) 2016 Free Software Foundation, Inc.
This is free software; see the source for copying conditions.  There is NO
warranty; not even for MERCHANTABILITY or FITNESS FOR A PARTICULAR PURPOSE.

configure:3374: $? = 0
configure:3363: gcc -v >&5
Using built-in specs.
COLLECT_GCC=gcc
COLLECT_LTO_WRAPPER=/usr/lib/gcc/arm-linux-gnueabihf/6/lto-wrapper
Target: arm-linux-gnueabihf
Configured with: ../src/configure -v --with-pkgversion='Raspbian 6.3.0-18+rpi1' --with-bugurl=file:///usr/share/doc/gcc-6/README.Bugs --enable-languages=c,ada,c++,java,go,d,fortran,objc,obj-c++ --prefix=/usr --program-suffix=-6 --program-prefix=arm-linux-gnueabihf- --enable-shared --enable-linker-build-id --libexecdir=/usr/lib --without-included-gettext --enable-threads=posix --libdir=/usr/lib --enable-nls --with-sysroot=/ --enable-clocale=gnu --enable-libstdcxx-debug --enable-libstdcxx-time=yes --with-default-libstdcxx-abi=new --enable-gnu-unique-object --disable-libitm --disable-libquadmath --enable-plugin --with-system-zlib --disable-browser-plugin --enable-java-awt=gtk --enable-gtk-cairo --with-java-home=/usr/lib/jvm/java-1.5.0-gcj-6-armhf/jre --enable-java-home --with-jvm-root-dir=/usr/lib/jvm/java-1.5.0-gcj-6-armhf --with-jvm-jar-dir=/usr/lib/jvm-exports/java-1.5.0-gcj-6-armhf --with-arch-directory=arm --with-ecj-jar=/usr/share/java/eclipse-ecj.jar --with-target-system-zlib --enable-objc-gc=auto --enable-multiarch --disable-sjlj-exceptions --with-arch=armv6 --with-fpu=vfp --with-float=hard --enable-checking=release --build=arm-linux-gnueabihf --host=arm-linux-gnueabihf --target=arm-linux-gnueabihf
Thread model: posix
gcc version 6.3.0 20170516 (Raspbian 6.3.0-18+rpi1) 
configure:3374: $? = 0
configure:3363: gcc -V >&5
gcc: error: unrecognized command line option '-V'
gcc: fatal error: no input files
compilation terminated.
configure:3374: $? = 1
configure:3363: gcc -qversion >&5
gcc: error: unrecognized command line option '-qversion'; did you mean '--version'?
gcc: fatal error: no input files
compilation terminated.
configure:3374: $? = 1
configure:3394: checking whether the C compiler works
configure:3416: gcc    conftest.c  >&5
configure:3420: $? = 0
configure:3468: result: yes
configure:3471: checking for C compiler default output file name
configure:3473: result: a.out
configure:3479: checking for suffix of executables
configure:3486: gcc -o conftest    conftest.c  >&5
configure:3490: $? = 0
configure:3512: result: 
configure:3534: checking whether we are cross compiling
configure:3542: gcc -o conftest    conftest.c  >&5
configure:3546: $? = 0
configure:3553: ./conftest
configure:3557: $? = 0
configure:3572: result: no
configure:3577: checking for suffix of object files
configure:3599: gcc -c   conftest.c >&5
configure:3603: $? = 0
configure:3624: result: o
configure:3628: checking whether we are using the GNU C compiler
configure:3647: gcc -c   conftest.c >&5
configure:3647: $? = 0
configure:3656: result: yes
configure:3665: checking whether gcc accepts -g
configure:3685: gcc -c -g  conftest.c >&5
configure:3685: $? = 0
configure:3726: result: yes
configure:3743: checking for gcc option to accept ISO C89
configure:3806: gcc  -c -g -O2  conftest.c >&5
configure:3806: $? = 0
configure:3819: result: none needed
configure:3844: checking whether gcc understands -c and -o together
configure:3866: gcc -c conftest.c -o conftest2.o
configure:3869: $? = 0
configure:3866: gcc -c conftest.c -o conftest2.o
configure:3869: $? = 0
configure:3881: result: yes
configure:3909: checking for style of include used by make
configure:3937: result: GNU
configure:3963: checking dependency style of gcc
configure:4074: result: gcc3
configure:4120: checking build system type
configure:4134: result: armv7l-unknown-linux-gnueabihf
configure:4154: checking host system type
configure:4167: result: armv7l-unknown-linux-gnueabihf
configure:4208: checking how to print strings
configure:4235: result: printf
configure:4256: checking for a sed that does not truncate output
configure:4320: result: /bin/sed
configure:4338: checking for grep that handles long lines and -e
configure:4396: result: /bin/grep
configure:4401: checking for egrep
configure:4463: result: /bin/grep -E
configure:4468: checking for fgrep
configure:4530: result: /bin/grep -F
configure:4565: checking for ld used by gcc
configure:4632: result: /usr/bin/ld
configure:4639: checking if the linker (/usr/bin/ld) is GNU ld
configure:4654: result: yes
configure:4666: checking for BSD- or MS-compatible name lister (nm)
configure:4720: result: /usr/bin/nm -B
configure:4850: checking the name lister (/usr/bin/nm -B) interface
configure:4857: gcc -c -g -O2  conftest.c >&5
configure:4860: /usr/bin/nm -B "conftest.o"
configure:4863: output
00000000 B some_variable
configure:4870: result: BSD nm
configure:4873: checking whether ln -s works
configure:4877: result: yes
configure:4885: checking the maximum length of command line arguments
configure:5016: result: 1572864
configure:5064: checking how to convert armv7l-unknown-linux-gnueabihf file names to armv7l-unknown-linux-gnueabihf format
configure:5104: result: func_convert_file_noop
configure:5111: checking how to convert armv7l-unknown-linux-gnueabihf file names to toolchain format
configure:5131: result: func_convert_file_noop
configure:5138: checking for /usr/bin/ld option to reload object files
configure:5145: result: -r
configure:5219: checking for objdump
configure:5235: found /usr/bin/objdump
configure:5246: result: objdump
configure:5278: checking how to recognize dependent libraries
configure:5478: result: pass_all
configure:5563: checking for dlltool
configure:5593: result: no
configure:5623: checking how to associate runtime and link libraries
configure:5650: result: printf %s\n
configure:5711: checking for ar
configure:5727: found /usr/bin/ar
configure:5738: result: ar
configure:5775: checking for archiver @FILE support
configure:5792: gcc -c -g -O2  conftest.c >&5
configure:5792: $? = 0
configure:5795: ar cru libconftest.a @conftest.lst >&5
ar: `u' modifier ignored since `D' is the default (see `U')
configure:5798: $? = 0
configure:5803: ar cru libconftest.a @conftest.lst >&5
ar: `u' modifier ignored since `D' is the default (see `U')
ar: conftest.o: No such file or directory
configure:5806: $? = 1
configure:5818: result: @
configure:5876: checking for strip
configure:5892: found /usr/bin/strip
configure:5903: result: strip
configure:5975: checking for ranlib
configure:5991: found /usr/bin/ranlib
configure:6002: result: ranlib
configure:6104: checking command to parse /usr/bin/nm -B output from gcc object
configure:6257: gcc -c -g -O2  conftest.c >&5
configure:6260: $? = 0
configure:6264: /usr/bin/nm -B conftest.o \| sed -n -e 's/^.*[ ]\([ABCDGIRSTW][ABCDGIRSTW]*\)[ ][ ]*\([_A-Za-z][_A-Za-z0-9]*\)$/\1 \2 \2/p' | sed '/ __gnu_lto/d' \> conftest.nm
configure:6267: $? = 0
configure:6333: gcc -o conftest -g -O2   conftest.c conftstm.o >&5
configure:6336: $? = 0
configure:6374: result: ok
configure:6421: checking for sysroot
configure:6451: result: no
configure:6458: checking for a working dd
configure:6496: result: /bin/dd
configure:6500: checking how to truncate binary pipes
configure:6515: result: /bin/dd bs=4096 count=1
configure:6844: checking for mt
configure:6860: found /bin/mt
configure:6871: result: mt
configure:6894: checking if mt is a manifest tool
configure:6900: mt '-?'
configure:6908: result: no
configure:7585: checking how to run the C preprocessor
configure:7616: gcc -E  conftest.c
configure:7616: $? = 0
configure:7630: gcc -E  conftest.c
conftest.c:11:28: fatal error: ac_nonexistent.h: No such file or directory
 #include <ac_nonexistent.h>
                            ^
compilation terminated.
configure:7630: $? = 1
configure: failed program was:
| /* confdefs.h */
| #define PACKAGE_NAME "gstrpicamsrc"
| #define PACKAGE_TARNAME "gstrpicamsrc"
| #define PACKAGE_VERSION "1.0.0"
| #define PACKAGE_STRING "gstrpicamsrc 1.0.0"
| #define PACKAGE_BUGREPORT ""
| #define PACKAGE_URL ""
| #define PACKAGE "gstrpicamsrc"
| #define VERSION "1.0.0"
| /* end confdefs.h.  */
| #include <ac_nonexistent.h>
configure:7655: result: gcc -E
configure:7675: gcc -E  conftest.c
configure:7675: $? = 0
configure:7689: gcc -E  conftest.c
conftest.c:11:28: fatal error: ac_nonexistent.h: No such file or directory
 #include <ac_nonexistent.h>
                            ^
compilation terminated.
configure:7689: $? = 1
configure: failed program was:
| /* confdefs.h */
| #define PACKAGE_NAME "gstrpicamsrc"
| #define PACKAGE_TARNAME "gstrpicamsrc"
| #define PACKAGE_VERSION "1.0.0"
| #define PACKAGE_STRING "gstrpicamsrc 1.0.0"
| #define PACKAGE_BUGREPORT ""
| #define PACKAGE_URL ""
| #define PACKAGE "gstrpicamsrc"
| #define VERSION "1.0.0"
| /* end confdefs.h.  */
| #include <ac_nonexistent.h>
configure:7718: checking for ANSI C header files
configure:7738: gcc -c -g -O2  conftest.c >&5
configure:7738: $? = 0
configure:7811: gcc -o conftest -g -O2   conftest.c  >&5
configure:7811: $? = 0
configure:7811: ./conftest
configure:7811: $? = 0
configure:7822: result: yes
configure:7835: checking for sys/types.h
configure:7835: gcc -c -g -O2  conftest.c >&5
configure:7835: $? = 0
configure:7835: result: yes
configure:7835: checking for sys/stat.h
configure:7835: gcc -c -g -O2  conftest.c >&5
configure:7835: $? = 0
configure:7835: result: yes
configure:7835: checking for stdlib.h
configure:7835: gcc -c -g -O2  conftest.c >&5
configure:7835: $? = 0
configure:7835: result: yes
configure:7835: checking for string.h
configure:7835: gcc -c -g -O2  conftest.c >&5
configure:7835: $? = 0
configure:7835: result: yes
configure:7835: checking for memory.h
configure:7835: gcc -c -g -O2  conftest.c >&5
configure:7835: $? = 0
configure:7835: result: yes
configure:7835: checking for strings.h
configure:7835: gcc -c -g -O2  conftest.c >&5
configure:7835: $? = 0
configure:7835: result: yes
configure:7835: checking for inttypes.h
configure:7835: gcc -c -g -O2  conftest.c >&5
configure:7835: $? = 0
configure:7835: result: yes
configure:7835: checking for stdint.h
configure:7835: gcc -c -g -O2  conftest.c >&5
configure:7835: $? = 0
configure:7835: result: yes
configure:7835: checking for unistd.h
configure:7835: gcc -c -g -O2  conftest.c >&5
configure:7835: $? = 0
configure:7835: result: yes
configure:7849: checking for dlfcn.h
configure:7849: gcc -c -g -O2  conftest.c >&5
configure:7849: $? = 0
configure:7849: result: yes
configure:8105: checking for objdir
configure:8120: result: .libs
configure:8380: checking if gcc supports -fno-rtti -fno-exceptions
configure:8398: gcc -c -g -O2  -fno-rtti -fno-exceptions conftest.c >&5
cc1: warning: command line option '-fno-rtti' is valid for C++/ObjC++ but not for C
configure:8402: $? = 0
configure:8415: result: no
configure:8773: checking for gcc option to produce PIC
configure:8780: result: -fPIC -DPIC
configure:8788: checking if gcc PIC flag -fPIC -DPIC works
configure:8806: gcc -c -g -O2  -fPIC -DPIC -DPIC conftest.c >&5
configure:8810: $? = 0
configure:8823: result: yes
configure:8852: checking if gcc static flag -static works
configure:8880: result: yes
configure:8895: checking if gcc supports -c -o file.o
configure:8916: gcc -c -g -O2  -o out/conftest2.o conftest.c >&5
configure:8920: $? = 0
configure:8942: result: yes
configure:8950: checking if gcc supports -c -o file.o
configure:8997: result: yes
configure:9030: checking whether the gcc linker (/usr/bin/ld) supports shared libraries
configure:10293: result: yes
configure:10330: checking whether -lc should be explicitly linked in
configure:10338: gcc -c -g -O2  conftest.c >&5
configure:10341: $? = 0
configure:10356: gcc -shared  -fPIC -DPIC conftest.o  -v -Wl,-soname -Wl,conftest -o conftest 2\>\&1 \| /bin/grep  -lc  \>/dev/null 2\>\&1
configure:10359: $? = 0
configure:10373: result: no
configure:10533: checking dynamic linker characteristics
configure:11114: gcc -o conftest -g -O2   -Wl,-rpath -Wl,/foo conftest.c  >&5
configure:11114: $? = 0
configure:11363: result: GNU/Linux ld.so
configure:11485: checking how to hardcode library paths into programs
configure:11510: result: immediate
configure:12058: checking whether stripping libraries is possible
configure:12063: result: yes
configure:12098: checking if libtool supports shared libraries
configure:12100: result: yes
configure:12103: checking whether to build shared libraries
configure:12128: result: yes
configure:12131: checking whether to build static libraries
configure:12135: result: yes
configure:12175: checking for pkg-config
configure:12191: found /usr/bin/pkg-config
configure:12205: result:  
configure:12215: checking for glib-mkenums
configure:12233: found /usr/bin/glib-mkenums
configure:12245: result: /usr/bin/glib-mkenums
configure:12267: checking bcm_host.h usability
configure:12267: gcc -c -g -O2  -I/opt/vc/include -I/opt/vc/include/interface/vcos/pthreads -I/opt/vc/include/interface/vmcs_host/linux conftest.c >&5
configure:12267: $? = 0
configure:12267: result: yes
configure:12267: checking bcm_host.h presence
configure:12267: gcc -E  -I/opt/vc/include -I/opt/vc/include/interface/vcos/pthreads -I/opt/vc/include/interface/vmcs_host/linux conftest.c
configure:12267: $? = 0
configure:12267: result: yes
configure:12267: checking for bcm_host.h
configure:12267: result: yes
configure:12281: checking for bcm_host_init in -lbcm_host
configure:12306: gcc -o conftest -g -O2   -L/opt/vc/lib conftest.c -lbcm_host   >&5
configure:12306: $? = 0
configure:12315: result: yes
configure:12386: checking for pkg-config
configure:12404: found /usr/bin/pkg-config
configure:12416: result: /usr/bin/pkg-config
configure:12441: checking pkg-config is at least version 0.9.0
configure:12444: result: yes
configure:12454: checking for GST
configure:12465: $PKG_CONFIG --exists --print-errors "
  gstreamer-1.0 >= $GST_REQUIRED
  gstreamer-base-1.0 >= $GST_REQUIRED
  gstreamer-video-1.0 >= $GSTPB_REQUIRED
"
configure:12472: $? = 0
configure:12494: $PKG_CONFIG --exists --print-errors "
  gstreamer-1.0 >= $GST_REQUIRED
  gstreamer-base-1.0 >= $GST_REQUIRED
  gstreamer-video-1.0 >= $GSTPB_REQUIRED
"
configure:12501: $? = 0
configure:12567: result: yes
configure:12575: checking to see if compiler understands -Wall
configure:12590: gcc -c -g -O2 -Wall  conftest.c >&5
configure:12590: $? = 0
configure:12593: result: yes
configure:12725: checking that generated files are newer than configure
configure:12731: result: done
configure:12758: creating ./config.status

## ---------------------- ##
## Running config.status. ##
## ---------------------- ##

This file was extended by gstrpicamsrc config.status 1.0.0, which was
generated by GNU Autoconf 2.69.  Invocation command line was

  CONFIG_FILES    = 
  CONFIG_HEADERS  = 
  CONFIG_LINKS    = 
  CONFIG_COMMANDS = 
  $ ./config.status 

on raspberrypi

config.status:1101: creating Makefile
config.status:1101: creating src/Makefile
config.status:1101: creating examples/Makefile
config.status:1101: creating config.h
config.status:1330: executing depfiles commands
config.status:1330: executing libtool commands

## ---------------- ##
## Cache variables. ##
## ---------------- ##

ac_cv_build=armv7l-unknown-linux-gnueabihf
ac_cv_c_compiler_gnu=yes
ac_cv_env_CC_set=
ac_cv_env_CC_value=
ac_cv_env_CFLAGS_set=
ac_cv_env_CFLAGS_value=
ac_cv_env_CPPFLAGS_set=
ac_cv_env_CPPFLAGS_value=
ac_cv_env_CPP_set=
ac_cv_env_CPP_value=
ac_cv_env_GST_CFLAGS_set=
ac_cv_env_GST_CFLAGS_value=
ac_cv_env_GST_LIBS_set=
ac_cv_env_GST_LIBS_value=
ac_cv_env_LDFLAGS_set=
ac_cv_env_LDFLAGS_value=
ac_cv_env_LIBS_set=
ac_cv_env_LIBS_value=
ac_cv_env_LT_SYS_LIBRARY_PATH_set=
ac_cv_env_LT_SYS_LIBRARY_PATH_value=
ac_cv_env_PKG_CONFIG_LIBDIR_set=
ac_cv_env_PKG_CONFIG_LIBDIR_value=
ac_cv_env_PKG_CONFIG_PATH_set=
ac_cv_env_PKG_CONFIG_PATH_value=
ac_cv_env_PKG_CONFIG_set=
ac_cv_env_PKG_CONFIG_value=
ac_cv_env_build_alias_set=
ac_cv_env_build_alias_value=
ac_cv_env_host_alias_set=
ac_cv_env_host_alias_value=
ac_cv_env_target_alias_set=
ac_cv_env_target_alias_value=
ac_cv_header_bcm_host_h=yes
ac_cv_header_dlfcn_h=yes
ac_cv_header_inttypes_h=yes
ac_cv_header_memory_h=yes
ac_cv_header_stdc=yes
ac_cv_header_stdint_h=yes
ac_cv_header_stdlib_h=yes
ac_cv_header_string_h=yes
ac_cv_header_strings_h=yes
ac_cv_header_sys_stat_h=yes
ac_cv_header_sys_types_h=yes
ac_cv_header_unistd_h=yes
ac_cv_host=armv7l-unknown-linux-gnueabihf
ac_cv_lib_bcm_host_bcm_host_init=yes
ac_cv_objext=o
ac_cv_path_EGREP='/bin/grep -E'
ac_cv_path_FGREP='/bin/grep -F'
ac_cv_path_GLIB_MKENUMS=/usr/bin/glib-mkenums
ac_cv_path_GREP=/bin/grep
ac_cv_path_SED=/bin/sed
ac_cv_path_ac_pt_PKG_CONFIG=/usr/bin/pkg-config
ac_cv_path_install='/usr/bin/install -c'
ac_cv_path_lt_DD=/bin/dd
ac_cv_path_mkdir=/bin/mkdir
ac_cv_prog_AWK=mawk
ac_cv_prog_CPP='gcc -E'
ac_cv_prog_HAVE_PKGCONFIG=' '
ac_cv_prog_ac_ct_AR=ar
ac_cv_prog_ac_ct_CC=gcc
ac_cv_prog_ac_ct_MANIFEST_TOOL=mt
ac_cv_prog_ac_ct_OBJDUMP=objdump
ac_cv_prog_ac_ct_RANLIB=ranlib
ac_cv_prog_ac_ct_STRIP=strip
ac_cv_prog_cc_c89=
ac_cv_prog_cc_g=yes
ac_cv_prog_make_make_set=yes
am_cv_CC_dependencies_compiler_type=gcc3
am_cv_make_support_nested_variables=yes
am_cv_prog_cc_c_o=yes
am_cv_prog_tar_ustar=gnutar
lt_cv_ar_at_file=@
lt_cv_archive_cmds_need_lc=no
lt_cv_deplibs_check_method=pass_all
lt_cv_file_magic_cmd='$MAGIC_CMD'
lt_cv_file_magic_test_file=
lt_cv_ld_reload_flag=-r
lt_cv_nm_interface='BSD nm'
lt_cv_objdir=.libs
lt_cv_path_LD=/usr/bin/ld
lt_cv_path_NM='/usr/bin/nm -B'
lt_cv_path_mainfest_tool=no
lt_cv_prog_compiler_c_o=yes
lt_cv_prog_compiler_pic='-fPIC -DPIC'
lt_cv_prog_compiler_pic_works=yes
lt_cv_prog_compiler_rtti_exceptions=no
lt_cv_prog_compiler_static_works=yes
lt_cv_prog_gnu_ld=yes
lt_cv_sharedlib_from_linklib_cmd='printf %s\n'
lt_cv_shlibpath_overrides_runpath=no
lt_cv_sys_global_symbol_pipe='sed -n -e '\''s/^.*[	 ]\([ABCDGIRSTW][ABCDGIRSTW]*\)[	 ][	 ]*\([_A-Za-z][_A-Za-z0-9]*\)$/\1 \2 \2/p'\'' | sed '\''/ __gnu_lto/d'\'''
lt_cv_sys_global_symbol_to_c_name_address='sed -n -e '\''s/^: \(.*\) .*$/  {"\1", (void *) 0},/p'\'' -e '\''s/^[ABCDGIRSTW][ABCDGIRSTW]* .* \(.*\)$/  {"\1", (void *) \&\1},/p'\'''
lt_cv_sys_global_symbol_to_c_name_address_lib_prefix='sed -n -e '\''s/^: \(.*\) .*$/  {"\1", (void *) 0},/p'\'' -e '\''s/^[ABCDGIRSTW][ABCDGIRSTW]* .* \(lib.*\)$/  {"\1", (void *) \&\1},/p'\'' -e '\''s/^[ABCDGIRSTW][ABCDGIRSTW]* .* \(.*\)$/  {"lib\1", (void *) \&\1},/p'\'''
lt_cv_sys_global_symbol_to_cdecl='sed -n -e '\''s/^T .* \(.*\)$/extern int \1();/p'\'' -e '\''s/^[ABCDGIRSTW][ABCDGIRSTW]* .* \(.*\)$/extern char \1;/p'\'''
lt_cv_sys_global_symbol_to_import=
lt_cv_sys_max_cmd_len=1572864
lt_cv_to_host_file_cmd=func_convert_file_noop
lt_cv_to_tool_file_cmd=func_convert_file_noop
lt_cv_truncate_bin='/bin/dd bs=4096 count=1'
pkg_cv_GST_CFLAGS='-pthread -I/usr/include/gstreamer-1.0 -I/usr/include/glib-2.0 -I/usr/lib/arm-linux-gnueabihf/glib-2.0/include'
pkg_cv_GST_LIBS='-lgstvideo-1.0 -lgstbase-1.0 -lgstreamer-1.0 -lgobject-2.0 -lglib-2.0'

## ----------------- ##
## Output variables. ##
## ----------------- ##

ACLOCAL='${SHELL} /home/pi/gst-rpicamsrc/missing aclocal-1.15'
AMDEPBACKSLASH='\'
AMDEP_FALSE='#'
AMDEP_TRUE=''
AMTAR='$${TAR-tar}'
AM_BACKSLASH='\'
AM_DEFAULT_V='$(AM_DEFAULT_VERBOSITY)'
AM_DEFAULT_VERBOSITY='0'
AM_V='$(V)'
AR='ar'
AUTOCONF='${SHELL} /home/pi/gst-rpicamsrc/missing autoconf'
AUTOHEADER='${SHELL} /home/pi/gst-rpicamsrc/missing autoheader'
AUTOMAKE='${SHELL} /home/pi/gst-rpicamsrc/missing automake-1.15'
AWK='mawk'
CC='gcc'
CCDEPMODE='depmode=gcc3'
CFLAGS='-g -O2 -Wall'
CPP='gcc -E'
CPPFLAGS=''
CYGPATH_W='echo'
DEFS='-DHAVE_CONFIG_H'
DEPDIR='.deps'
DLLTOOL='false'
DSYMUTIL=''
DUMPBIN=''
ECHO_C=''
ECHO_N='-n'
ECHO_T=''
EGREP='/bin/grep -E'
EXEEXT=''
FGREP='/bin/grep -F'
GLIB_MKENUMS='/usr/bin/glib-mkenums'
GREP='/bin/grep'
GST_CFLAGS='-pthread -I/usr/include/gstreamer-1.0 -I/usr/include/glib-2.0 -I/usr/lib/arm-linux-gnueabihf/glib-2.0/include -Wall'
GST_LIBS='-lgstvideo-1.0 -lgstbase-1.0 -lgstreamer-1.0 -lgobject-2.0 -lglib-2.0'
GST_PLUGIN_LDFLAGS='-module -avoid-version -export-symbols-regex _*\(gst_\|Gst\|GST_\).*'
HAVE_PKGCONFIG=' '
INSTALL_DATA='${INSTALL} -m 644'
INSTALL_PROGRAM='${INSTALL}'
INSTALL_SCRIPT='${INSTALL}'
INSTALL_STRIP_PROGRAM='$(install_sh) -c -s'
LD='/usr/bin/ld'
LDFLAGS=''
LIBOBJS=''
LIBS='-lbcm_host '
LIBTOOL='$(SHELL) $(top_builddir)/libtool'
LIPO=''
LN_S='ln -s'
LTLIBOBJS=''
LT_SYS_LIBRARY_PATH=''
MAINT=''
MAINTAINER_MODE_FALSE='#'
MAINTAINER_MODE_TRUE=''
MAKEINFO='${SHELL} /home/pi/gst-rpicamsrc/missing makeinfo'
MANIFEST_TOOL=':'
MKDIR_P='/bin/mkdir -p'
NM='/usr/bin/nm -B'
NMEDIT=''
OBJDUMP='objdump'
OBJEXT='o'
OTOOL64=''
OTOOL=''
PACKAGE='gstrpicamsrc'
PACKAGE_BUGREPORT=''
PACKAGE_NAME='gstrpicamsrc'
PACKAGE_STRING='gstrpicamsrc 1.0.0'
PACKAGE_TARNAME='gstrpicamsrc'
PACKAGE_URL=''
PACKAGE_VERSION='1.0.0'
PATH_SEPARATOR=':'
PKG_CONFIG='/usr/bin/pkg-config'
PKG_CONFIG_LIBDIR=''
PKG_CONFIG_PATH=''
RANLIB='ranlib'
RPI_INCLUDEPATH='-I/opt/vc/include -I/opt/vc/include/interface/vcos/pthreads -I/opt/vc/include/interface/vmcs_host/linux'
RPI_LIBFLAGS='-L/opt/vc/lib'
SED='/bin/sed'
SET_MAKE=''
SHELL='/bin/bash'
STRIP='strip'
VERSION='1.0.0'
ac_ct_AR='ar'
ac_ct_CC='gcc'
ac_ct_DUMPBIN=''
am__EXEEXT_FALSE=''
am__EXEEXT_TRUE='#'
am__fastdepCC_FALSE='#'
am__fastdepCC_TRUE=''
am__include='include'
am__isrc=''
am__leading_dot='.'
am__nodep='_no'
am__quote=''
am__tar='tar --format=ustar -chf - "$$tardir"'
am__untar='tar -xf -'
bindir='${exec_prefix}/bin'
build='armv7l-unknown-linux-gnueabihf'
build_alias=''
build_cpu='armv7l'
build_os='linux-gnueabihf'
build_vendor='unknown'
datadir='${datarootdir}'
datarootdir='${prefix}/share'
docdir='${datarootdir}/doc/${PACKAGE_TARNAME}'
dvidir='${docdir}'
exec_prefix='${prefix}'
host='armv7l-unknown-linux-gnueabihf'
host_alias=''
host_cpu='armv7l'
host_os='linux-gnueabihf'
host_vendor='unknown'
htmldir='${docdir}'
includedir='${prefix}/include'
infodir='${datarootdir}/info'
install_sh='${SHELL} /home/pi/gst-rpicamsrc/install-sh'
libdir='${exec_prefix}/lib'
libexecdir='${exec_prefix}/libexec'
localedir='${datarootdir}/locale'
localstatedir='${prefix}/var'
mandir='${datarootdir}/man'
mkdir_p='$(MKDIR_P)'
oldincludedir='/usr/include'
pdfdir='${docdir}'
plugindir='/usr/lib/arm-linux-gnueabihf/gstreamer-1.0'
prefix='/usr/local'
program_transform_name='s,x,x,'
psdir='${docdir}'
runstatedir='${localstatedir}/run'
sbindir='${exec_prefix}/sbin'
sharedstatedir='${prefix}/com'
sysconfdir='${prefix}/etc'
target_alias=''

## ----------- ##
## confdefs.h. ##
## ----------- ##

/* confdefs.h */
#define PACKAGE_NAME "gstrpicamsrc"
#define PACKAGE_TARNAME "gstrpicamsrc"
#define PACKAGE_VERSION "1.0.0"
#define PACKAGE_STRING "gstrpicamsrc 1.0.0"
#define PACKAGE_BUGREPORT ""
#define PACKAGE_URL ""
#define PACKAGE "gstrpicamsrc"
#define VERSION "1.0.0"
#define STDC_HEADERS 1
#define HAVE_SYS_TYPES_H 1
#define HAVE_SYS_STAT_H 1
#define HAVE_STDLIB_H 1
#define HAVE_STRING_H 1
#define HAVE_MEMORY_H 1
#define HAVE_STRINGS_H 1
#define HAVE_INTTYPES_H 1
#define HAVE_STDINT_H 1
#define HAVE_UNISTD_H 1
#define HAVE_DLFCN_H 1
#define LT_OBJDIR ".libs/"
#define HAVE_LIBBCM_HOST 1

configure: exit 0
